{
"contracts/ERC1155Permit.sol":{"l":{"29":1,"31":1,"35":1,"36":1,"37":1,"39":1,"40":1,"44":1,"46":1,"50":1},"path":"/Users/poegva/blockchain/Nftx/core-contracts/contracts/ERC1155Permit.sol","s":{"1":1,"2":1,"3":1,"4":1,"5":1,"6":1,"7":1,"8":1},"b":{"1":[1,0],"2":[1,0]},"f":{"1":1,"2":1},"fnMap":{"1":{"name":"permit","line":21,"loc":{"start":{"line":21,"column":4},"end":{"line":41,"column":4}}},"2":{"name":"_hashDomain","line":43,"loc":{"start":{"line":43,"column":4},"end":{"line":54,"column":4}}}},"statementMap":{"1":{"start":{"line":29,"column":8},"end":{"line":29,"column":77}},"2":{"start":{"line":31,"column":8},"end":{"line":31,"column":956}},"3":{"start":{"line":35,"column":8},"end":{"line":35,"column":95}},"4":{"start":{"line":36,"column":8},"end":{"line":36,"column":55}},"5":{"start":{"line":37,"column":8},"end":{"line":37,"column":67}},"6":{"start":{"line":40,"column":8},"end":{"line":40,"column":48}},"7":{"start":{"line":44,"column":8},"end":{"line":44,"column":23}},"8":{"start":{"line":50,"column":8},"end":{"line":50,"column":1553}}},"branchMap":{"1":{"line":29,"type":"if","locations":[{"start":{"line":29,"column":8},"end":{"line":29,"column":8}},{"start":{"line":29,"column":8},"end":{"line":29,"column":8}}]},"2":{"line":37,"type":"if","locations":[{"start":{"line":37,"column":8},"end":{"line":37,"column":8}},{"start":{"line":37,"column":8},"end":{"line":37,"column":8}}]}}},
"contracts/ERC20Permit.sol":{"l":{"32":2,"34":2,"38":2,"39":2,"40":2,"42":2,"43":2,"47":2,"49":2,"53":2},"path":"/Users/poegva/blockchain/Nftx/core-contracts/contracts/ERC20Permit.sol","s":{"1":2,"2":2,"3":2,"4":2,"5":2,"6":2,"7":2,"8":2},"b":{"1":[2,0],"2":[2,0]},"f":{"1":2,"2":2},"fnMap":{"1":{"name":"permit","line":23,"loc":{"start":{"line":23,"column":4},"end":{"line":44,"column":4}}},"2":{"name":"_hashDomain","line":46,"loc":{"start":{"line":46,"column":4},"end":{"line":57,"column":4}}}},"statementMap":{"1":{"start":{"line":32,"column":8},"end":{"line":32,"column":75}},"2":{"start":{"line":34,"column":8},"end":{"line":34,"column":1039}},"3":{"start":{"line":38,"column":8},"end":{"line":38,"column":95}},"4":{"start":{"line":39,"column":8},"end":{"line":39,"column":55}},"5":{"start":{"line":40,"column":8},"end":{"line":40,"column":65}},"6":{"start":{"line":43,"column":8},"end":{"line":43,"column":38}},"7":{"start":{"line":47,"column":8},"end":{"line":47,"column":23}},"8":{"start":{"line":53,"column":8},"end":{"line":53,"column":1631}}},"branchMap":{"1":{"line":32,"type":"if","locations":[{"start":{"line":32,"column":8},"end":{"line":32,"column":8}},{"start":{"line":32,"column":8},"end":{"line":32,"column":8}}]},"2":{"line":40,"type":"if","locations":[{"start":{"line":40,"column":8},"end":{"line":40,"column":8}},{"start":{"line":40,"column":8},"end":{"line":40,"column":8}}]}}},
"contracts/ERC721Permit.sol":{"l":{"35":1,"37":1,"41":1,"42":1,"43":1,"45":1,"46":1,"51":1,"52":1,"63":1,"65":1,"69":1,"70":1,"71":1,"73":1,"74":1,"78":2,"80":2,"84":2},"path":"/Users/poegva/blockchain/Nftx/core-contracts/contracts/ERC721Permit.sol","s":{"1":1,"2":1,"3":1,"4":1,"5":1,"6":1,"7":1,"8":1,"9":1,"10":1,"11":1,"12":1,"13":1,"14":1,"15":2,"16":2},"b":{"1":[1,0],"2":[1,0],"3":[1,0],"4":[1,0],"5":[1,0]},"f":{"1":1,"2":1,"3":2},"fnMap":{"1":{"name":"permit","line":26,"loc":{"start":{"line":26,"column":4},"end":{"line":53,"column":4}}},"2":{"name":"permitAll","line":55,"loc":{"start":{"line":55,"column":4},"end":{"line":75,"column":4}}},"3":{"name":"_hashDomain","line":77,"loc":{"start":{"line":77,"column":4},"end":{"line":88,"column":4}}}},"statementMap":{"1":{"start":{"line":35,"column":8},"end":{"line":35,"column":76}},"2":{"start":{"line":37,"column":8},"end":{"line":37,"column":1160}},"3":{"start":{"line":41,"column":8},"end":{"line":41,"column":95}},"4":{"start":{"line":42,"column":8},"end":{"line":42,"column":55}},"5":{"start":{"line":43,"column":8},"end":{"line":43,"column":66}},"6":{"start":{"line":45,"column":8},"end":{"line":45,"column":52}},"7":{"start":{"line":46,"column":8},"end":{"line":46,"column":1580}},"8":{"start":{"line":52,"column":8},"end":{"line":52,"column":33}},"9":{"start":{"line":63,"column":8},"end":{"line":63,"column":76}},"10":{"start":{"line":65,"column":8},"end":{"line":65,"column":2072}},"11":{"start":{"line":69,"column":8},"end":{"line":69,"column":95}},"12":{"start":{"line":70,"column":8},"end":{"line":70,"column":55}},"13":{"start":{"line":71,"column":8},"end":{"line":71,"column":66}},"14":{"start":{"line":74,"column":8},"end":{"line":74,"column":48}},"15":{"start":{"line":78,"column":8},"end":{"line":78,"column":23}},"16":{"start":{"line":84,"column":8},"end":{"line":84,"column":2672}}},"branchMap":{"1":{"line":35,"type":"if","locations":[{"start":{"line":35,"column":8},"end":{"line":35,"column":8}},{"start":{"line":35,"column":8},"end":{"line":35,"column":8}}]},"2":{"line":43,"type":"if","locations":[{"start":{"line":43,"column":8},"end":{"line":43,"column":8}},{"start":{"line":43,"column":8},"end":{"line":43,"column":8}}]},"3":{"line":46,"type":"if","locations":[{"start":{"line":46,"column":8},"end":{"line":46,"column":8}},{"start":{"line":46,"column":8},"end":{"line":46,"column":8}}]},"4":{"line":63,"type":"if","locations":[{"start":{"line":63,"column":8},"end":{"line":63,"column":8}},{"start":{"line":63,"column":8},"end":{"line":63,"column":8}}]},"5":{"line":71,"type":"if","locations":[{"start":{"line":71,"column":8},"end":{"line":71,"column":8}},{"start":{"line":71,"column":8},"end":{"line":71,"column":8}}]}}},
"contracts/Exchange.sol":{"l":{"14":3,"16":2,"26":2,"28":2,"30":2,"31":2,"35":2,"37":2,"39":1,"40":1,"42":1,"46":2,"48":2,"50":2,"54":2,"56":2,"61":5,"65":1,"67":1,"69":1,"71":1,"73":1},"path":"/Users/poegva/blockchain/Nftx/core-contracts/contracts/Exchange.sol","s":{"1":3,"2":2,"3":2,"4":2,"5":2,"6":2,"7":2,"8":2,"9":1,"10":1,"11":1,"12":2,"13":2,"14":2,"15":2,"16":2,"17":5,"18":1,"19":1,"20":1,"21":1},"b":{"1":[2,1],"2":[1,1],"3":[1,0]},"f":{"1":3,"2":2,"3":2,"4":2,"5":5,"6":1},"fnMap":{"1":{"name":"createOrder","line":12,"loc":{"start":{"line":12,"column":4},"end":{"line":32,"column":4}}},"2":{"name":"fillOrder","line":34,"loc":{"start":{"line":34,"column":4},"end":{"line":43,"column":4}}},"3":{"name":"getOrder","line":45,"loc":{"start":{"line":45,"column":4},"end":{"line":51,"column":4}}},"4":{"name":"getOrderFromHash","line":53,"loc":{"start":{"line":53,"column":4},"end":{"line":57,"column":4}}},"5":{"name":"getOrderHash","line":59,"loc":{"start":{"line":59,"column":4},"end":{"line":62,"column":4}}},"6":{"name":"removeOrder","line":64,"loc":{"start":{"line":64,"column":4},"end":{"line":74,"column":4}}}},"statementMap":{"1":{"start":{"line":14,"column":8},"end":{"line":14,"column":112}},"2":{"start":{"line":16,"column":8},"end":{"line":16,"column":579}},"3":{"start":{"line":26,"column":8},"end":{"line":26,"column":47}},"4":{"start":{"line":28,"column":8},"end":{"line":28,"column":77}},"5":{"start":{"line":30,"column":8},"end":{"line":30,"column":37}},"6":{"start":{"line":31,"column":8},"end":{"line":31,"column":54}},"7":{"start":{"line":35,"column":8},"end":{"line":35,"column":54}},"8":{"start":{"line":37,"column":8},"end":{"line":37,"column":64}},"9":{"start":{"line":39,"column":8},"end":{"line":39,"column":84}},"10":{"start":{"line":40,"column":8},"end":{"line":40,"column":53}},"11":{"start":{"line":42,"column":8},"end":{"line":42,"column":25}},"12":{"start":{"line":46,"column":8},"end":{"line":46,"column":48}},"13":{"start":{"line":48,"column":8},"end":{"line":48,"column":77}},"14":{"start":{"line":50,"column":8},"end":{"line":50,"column":37}},"15":{"start":{"line":54,"column":8},"end":{"line":54,"column":77}},"16":{"start":{"line":56,"column":8},"end":{"line":56,"column":38}},"17":{"start":{"line":61,"column":8},"end":{"line":61,"column":49}},"18":{"start":{"line":65,"column":8},"end":{"line":65,"column":48}},"19":{"start":{"line":67,"column":8},"end":{"line":67,"column":74}},"20":{"start":{"line":69,"column":8},"end":{"line":69,"column":104}},"21":{"start":{"line":71,"column":8},"end":{"line":71,"column":77}}},"branchMap":{"1":{"line":14,"type":"if","locations":[{"start":{"line":14,"column":8},"end":{"line":14,"column":8}},{"start":{"line":14,"column":8},"end":{"line":14,"column":8}}]},"2":{"line":37,"type":"if","locations":[{"start":{"line":37,"column":8},"end":{"line":37,"column":8}},{"start":{"line":37,"column":8},"end":{"line":37,"column":8}}]},"3":{"line":69,"type":"if","locations":[{"start":{"line":69,"column":8},"end":{"line":69,"column":8}},{"start":{"line":69,"column":8},"end":{"line":69,"column":8}}]}}},
"contracts/lib/LibOrder.sol":{"l":{"55":5},"path":"/Users/poegva/blockchain/Nftx/core-contracts/contracts/lib/LibOrder.sol","s":{},"b":{},"f":{"1":5},"fnMap":{"1":{"name":"getOrderStructHash","line":44,"loc":{"start":{"line":44,"column":4},"end":{"line":74,"column":4}}}},"statementMap":{},"branchMap":{}},
"contracts/lib/LibOrdersStorage.sol":{"l":{"19":7,"23":7},"path":"/Users/poegva/blockchain/Nftx/core-contracts/contracts/lib/LibOrdersStorage.sol","s":{"1":7},"b":{},"f":{"1":7},"fnMap":{"1":{"name":"getStorage","line":18,"loc":{"start":{"line":18,"column":4},"end":{"line":26,"column":4}}}},"statementMap":{"1":{"start":{"line":19,"column":8},"end":{"line":19,"column":84}}},"branchMap":{}},
"contracts/lib/LibStorage.sol":{"l":{"26":7},"path":"/Users/poegva/blockchain/Nftx/core-contracts/contracts/lib/LibStorage.sol","s":{"1":7},"b":{},"f":{"1":7},"fnMap":{"1":{"name":"getStorageSlot","line":23,"loc":{"start":{"line":23,"column":4},"end":{"line":27,"column":4}}}},"statementMap":{"1":{"start":{"line":26,"column":8},"end":{"line":26,"column":59}}},"branchMap":{}},
"contracts/Market.sol":{"l":{"121":4,"123":3,"124":3,"126":2,"128":2,"136":4,"138":3,"139":3,"141":2,"143":2,"156":13,"157":12,"159":11,"160":9,"162":7,"164":7,"165":1,"175":7,"177":6,"178":2,"179":1,"188":1,"199":6,"201":5,"214":12,"215":11,"217":10,"218":8,"220":6,"222":6,"223":1,"233":6,"235":5,"236":1,"245":5,"247":4,"262":11,"263":11,"264":10,"268":14,"280":14,"293":10,"294":10,"295":9,"299":13,"312":13,"316":27,"318":27,"322":27},"path":"/Users/poegva/blockchain/Nftx/core-contracts/contracts/Market.sol","s":{"1":4,"2":3,"3":3,"4":2,"5":2,"6":4,"7":3,"8":3,"9":2,"10":2,"11":13,"12":12,"13":11,"14":9,"15":7,"16":7,"17":1,"18":7,"19":6,"20":2,"21":1,"22":1,"23":6,"24":5,"25":12,"26":11,"27":10,"28":8,"29":6,"30":6,"31":1,"32":6,"33":5,"34":1,"35":5,"36":4,"37":11,"38":11,"39":10,"40":14,"41":14,"42":10,"43":10,"44":9,"45":13,"46":13,"47":27,"48":27},"b":{"1":[3,1],"2":[2,1],"3":[3,1],"4":[2,1],"5":[12,1],"6":[11,1],"7":[7,2],"8":[1,6],"9":[2,4],"10":[1,1],"11":[11,1],"12":[10,1],"13":[6,2],"14":[1,5],"15":[1,4],"16":[9,1],"17":[8,1]},"f":{"1":4,"2":4,"3":13,"4":12,"5":11,"6":14,"7":10,"8":13,"9":27},"fnMap":{"1":{"name":"cancelBidERC721","line":120,"loc":{"start":{"line":120,"column":4},"end":{"line":129,"column":4}}},"2":{"name":"cancelBidERC1155","line":135,"loc":{"start":{"line":135,"column":4},"end":{"line":144,"column":4}}},"3":{"name":"acceptBidERC721","line":150,"loc":{"start":{"line":150,"column":4},"end":{"line":202,"column":4}}},"4":{"name":"acceptBidERC1155","line":208,"loc":{"start":{"line":208,"column":4},"end":{"line":248,"column":4}}},"5":{"name":"_checkSignatureERC721","line":257,"loc":{"start":{"line":257,"column":4},"end":{"line":265,"column":4}}},"6":{"name":"_hashBidERC721","line":267,"loc":{"start":{"line":267,"column":4},"end":{"line":281,"column":4}}},"7":{"name":"_checkSignatureERC1155","line":288,"loc":{"start":{"line":288,"column":4},"end":{"line":296,"column":4}}},"8":{"name":"_hashBidERC1155","line":298,"loc":{"start":{"line":298,"column":4},"end":{"line":313,"column":4}}},"9":{"name":"_hashDomain","line":315,"loc":{"start":{"line":315,"column":4},"end":{"line":326,"column":4}}}},"statementMap":{"1":{"start":{"line":121,"column":8},"end":{"line":121,"column":79}},"2":{"start":{"line":123,"column":8},"end":{"line":123,"column":45}},"3":{"start":{"line":124,"column":8},"end":{"line":124,"column":88}},"4":{"start":{"line":126,"column":8},"end":{"line":126,"column":46}},"5":{"start":{"line":128,"column":8},"end":{"line":128,"column":36}},"6":{"start":{"line":136,"column":8},"end":{"line":136,"column":79}},"7":{"start":{"line":138,"column":8},"end":{"line":138,"column":46}},"8":{"start":{"line":139,"column":8},"end":{"line":139,"column":88}},"9":{"start":{"line":141,"column":8},"end":{"line":141,"column":46}},"10":{"start":{"line":143,"column":8},"end":{"line":143,"column":37}},"11":{"start":{"line":156,"column":8},"end":{"line":156,"column":65}},"12":{"start":{"line":157,"column":8},"end":{"line":157,"column":67}},"13":{"start":{"line":159,"column":8},"end":{"line":159,"column":60}},"14":{"start":{"line":160,"column":8},"end":{"line":160,"column":88}},"15":{"start":{"line":162,"column":8},"end":{"line":162,"column":45}},"16":{"start":{"line":164,"column":8},"end":{"line":164,"column":4885}},"17":{"start":{"line":165,"column":12},"end":{"line":165,"column":4927}},"18":{"start":{"line":175,"column":8},"end":{"line":175,"column":72}},"19":{"start":{"line":177,"column":8},"end":{"line":177,"column":5290}},"20":{"start":{"line":178,"column":12},"end":{"line":178,"column":5329}},"21":{"start":{"line":179,"column":16},"end":{"line":179,"column":5372}},"22":{"start":{"line":188,"column":16},"end":{"line":188,"column":5662}},"23":{"start":{"line":199,"column":8},"end":{"line":199,"column":70}},"24":{"start":{"line":201,"column":8},"end":{"line":201,"column":47}},"25":{"start":{"line":214,"column":8},"end":{"line":214,"column":73}},"26":{"start":{"line":215,"column":8},"end":{"line":215,"column":67}},"27":{"start":{"line":217,"column":8},"end":{"line":217,"column":61}},"28":{"start":{"line":218,"column":8},"end":{"line":218,"column":88}},"29":{"start":{"line":220,"column":8},"end":{"line":220,"column":45}},"30":{"start":{"line":222,"column":8},"end":{"line":222,"column":6803}},"31":{"start":{"line":223,"column":12},"end":{"line":223,"column":6845}},"32":{"start":{"line":233,"column":8},"end":{"line":233,"column":80}},"33":{"start":{"line":235,"column":8},"end":{"line":235,"column":7216}},"34":{"start":{"line":236,"column":12},"end":{"line":236,"column":7255}},"35":{"start":{"line":245,"column":8},"end":{"line":245,"column":90}},"36":{"start":{"line":247,"column":8},"end":{"line":247,"column":48}},"37":{"start":{"line":262,"column":8},"end":{"line":262,"column":35}},"38":{"start":{"line":263,"column":8},"end":{"line":263,"column":67}},"39":{"start":{"line":264,"column":8},"end":{"line":264,"column":65}},"40":{"start":{"line":268,"column":8},"end":{"line":268,"column":8281}},"41":{"start":{"line":280,"column":8},"end":{"line":280,"column":85}},"42":{"start":{"line":293,"column":8},"end":{"line":293,"column":36}},"43":{"start":{"line":294,"column":8},"end":{"line":294,"column":67}},"44":{"start":{"line":295,"column":8},"end":{"line":295,"column":65}},"45":{"start":{"line":299,"column":8},"end":{"line":299,"column":9315}},"46":{"start":{"line":312,"column":8},"end":{"line":312,"column":85}},"47":{"start":{"line":316,"column":8},"end":{"line":316,"column":23}},"48":{"start":{"line":322,"column":8},"end":{"line":322,"column":9925}}},"branchMap":{"1":{"line":121,"type":"if","locations":[{"start":{"line":121,"column":8},"end":{"line":121,"column":8}},{"start":{"line":121,"column":8},"end":{"line":121,"column":8}}]},"2":{"line":124,"type":"if","locations":[{"start":{"line":124,"column":8},"end":{"line":124,"column":8}},{"start":{"line":124,"column":8},"end":{"line":124,"column":8}}]},"3":{"line":136,"type":"if","locations":[{"start":{"line":136,"column":8},"end":{"line":136,"column":8}},{"start":{"line":136,"column":8},"end":{"line":136,"column":8}}]},"4":{"line":139,"type":"if","locations":[{"start":{"line":139,"column":8},"end":{"line":139,"column":8}},{"start":{"line":139,"column":8},"end":{"line":139,"column":8}}]},"5":{"line":156,"type":"if","locations":[{"start":{"line":156,"column":8},"end":{"line":156,"column":8}},{"start":{"line":156,"column":8},"end":{"line":156,"column":8}}]},"6":{"line":157,"type":"if","locations":[{"start":{"line":157,"column":8},"end":{"line":157,"column":8}},{"start":{"line":157,"column":8},"end":{"line":157,"column":8}}]},"7":{"line":160,"type":"if","locations":[{"start":{"line":160,"column":8},"end":{"line":160,"column":8}},{"start":{"line":160,"column":8},"end":{"line":160,"column":8}}]},"8":{"line":164,"type":"if","locations":[{"start":{"line":164,"column":8},"end":{"line":164,"column":8}},{"start":{"line":164,"column":8},"end":{"line":164,"column":8}}]},"9":{"line":177,"type":"if","locations":[{"start":{"line":177,"column":8},"end":{"line":177,"column":8}},{"start":{"line":177,"column":8},"end":{"line":177,"column":8}}]},"10":{"line":178,"type":"if","locations":[{"start":{"line":178,"column":12},"end":{"line":178,"column":12}},{"start":{"line":178,"column":12},"end":{"line":178,"column":12}}]},"11":{"line":214,"type":"if","locations":[{"start":{"line":214,"column":8},"end":{"line":214,"column":8}},{"start":{"line":214,"column":8},"end":{"line":214,"column":8}}]},"12":{"line":215,"type":"if","locations":[{"start":{"line":215,"column":8},"end":{"line":215,"column":8}},{"start":{"line":215,"column":8},"end":{"line":215,"column":8}}]},"13":{"line":218,"type":"if","locations":[{"start":{"line":218,"column":8},"end":{"line":218,"column":8}},{"start":{"line":218,"column":8},"end":{"line":218,"column":8}}]},"14":{"line":222,"type":"if","locations":[{"start":{"line":222,"column":8},"end":{"line":222,"column":8}},{"start":{"line":222,"column":8},"end":{"line":222,"column":8}}]},"15":{"line":235,"type":"if","locations":[{"start":{"line":235,"column":8},"end":{"line":235,"column":8}},{"start":{"line":235,"column":8},"end":{"line":235,"column":8}}]},"16":{"line":264,"type":"if","locations":[{"start":{"line":264,"column":8},"end":{"line":264,"column":8}},{"start":{"line":264,"column":8},"end":{"line":264,"column":8}}]},"17":{"line":295,"type":"if","locations":[{"start":{"line":295,"column":8},"end":{"line":295,"column":8}},{"start":{"line":295,"column":8},"end":{"line":295,"column":8}}]}}},
"contracts/Verifier.sol":{"l":{"20":3,"22":2,"25":2,"27":2,"31":2,"38":2,"40":2,"44":2},"path":"/Users/poegva/blockchain/Nftx/core-contracts/contracts/Verifier.sol","s":{"1":3,"2":2,"3":2,"4":2,"5":2,"6":2,"7":2},"b":{"1":[2,1],"2":[1,1]},"f":{"1":3,"2":2,"3":2},"fnMap":{"1":{"name":"verify","line":13,"loc":{"start":{"line":13,"column":4},"end":{"line":28,"column":4}}},"2":{"name":"hashVerify","line":30,"loc":{"start":{"line":30,"column":4},"end":{"line":35,"column":4}}},"3":{"name":"hashDomain","line":37,"loc":{"start":{"line":37,"column":4},"end":{"line":54,"column":4}}}},"statementMap":{"1":{"start":{"line":20,"column":8},"end":{"line":20,"column":72}},"2":{"start":{"line":22,"column":8},"end":{"line":22,"column":635}},"3":{"start":{"line":25,"column":8},"end":{"line":25,"column":53}},"4":{"start":{"line":27,"column":8},"end":{"line":27,"column":60}},"5":{"start":{"line":31,"column":8},"end":{"line":31,"column":990}},"6":{"start":{"line":38,"column":8},"end":{"line":38,"column":23}},"7":{"start":{"line":44,"column":8},"end":{"line":44,"column":1294}}},"branchMap":{"1":{"line":20,"type":"if","locations":[{"start":{"line":20,"column":8},"end":{"line":20,"column":8}},{"start":{"line":20,"column":8},"end":{"line":20,"column":8}}]},"2":{"line":27,"type":"if","locations":[{"start":{"line":27,"column":8},"end":{"line":27,"column":8}},{"start":{"line":27,"column":8},"end":{"line":27,"column":8}}]}}}}
