{
"contracts/ERC721TokenPermit.sol":{"l":{"31":0,"33":0,"37":0,"38":0,"40":0,"42":0,"43":0,"47":0,"49":0,"53":0},"path":"/Users/poegva/blockchain/Nftx/core-contracts/contracts/ERC721TokenPermit.sol","s":{"1":0,"2":0,"3":0,"4":0,"5":0,"6":0,"7":0,"8":0},"b":{"1":[0,0],"2":[0,0]},"f":{"1":0,"2":0},"fnMap":{"1":{"name":"permit","line":22,"loc":{"start":{"line":22,"column":4},"end":{"line":44,"column":4}}},"2":{"name":"hashDomain","line":46,"loc":{"start":{"line":46,"column":4},"end":{"line":63,"column":4}}}},"statementMap":{"1":{"start":{"line":31,"column":8},"end":{"line":31,"column":62}},"2":{"start":{"line":33,"column":8},"end":{"line":33,"column":1036}},"3":{"start":{"line":37,"column":8},"end":{"line":37,"column":92}},"4":{"start":{"line":38,"column":8},"end":{"line":38,"column":53}},"5":{"start":{"line":40,"column":8},"end":{"line":40,"column":59}},"6":{"start":{"line":43,"column":8},"end":{"line":43,"column":33}},"7":{"start":{"line":47,"column":8},"end":{"line":47,"column":23}},"8":{"start":{"line":53,"column":8},"end":{"line":53,"column":1615}}},"branchMap":{"1":{"line":31,"type":"if","locations":[{"start":{"line":31,"column":8},"end":{"line":31,"column":8}},{"start":{"line":31,"column":8},"end":{"line":31,"column":8}}]},"2":{"line":40,"type":"if","locations":[{"start":{"line":40,"column":8},"end":{"line":40,"column":8}},{"start":{"line":40,"column":8},"end":{"line":40,"column":8}}]}}},
"contracts/Exchange.sol":{"l":{"14":3,"16":2,"26":2,"28":2,"30":2,"31":2,"35":2,"37":2,"39":1,"40":1,"42":1,"46":2,"48":2,"50":2,"54":2,"56":2,"61":5,"65":1,"67":1,"69":1,"71":1,"73":1},"path":"/Users/poegva/blockchain/Nftx/core-contracts/contracts/Exchange.sol","s":{"1":3,"2":2,"3":2,"4":2,"5":2,"6":2,"7":2,"8":2,"9":1,"10":1,"11":1,"12":2,"13":2,"14":2,"15":2,"16":2,"17":5,"18":1,"19":1,"20":1,"21":1},"b":{"1":[2,1],"2":[1,1],"3":[1,0]},"f":{"1":3,"2":2,"3":2,"4":2,"5":5,"6":1},"fnMap":{"1":{"name":"createOrder","line":12,"loc":{"start":{"line":12,"column":4},"end":{"line":32,"column":4}}},"2":{"name":"fillOrder","line":34,"loc":{"start":{"line":34,"column":4},"end":{"line":43,"column":4}}},"3":{"name":"getOrder","line":45,"loc":{"start":{"line":45,"column":4},"end":{"line":51,"column":4}}},"4":{"name":"getOrderFromHash","line":53,"loc":{"start":{"line":53,"column":4},"end":{"line":57,"column":4}}},"5":{"name":"getOrderHash","line":59,"loc":{"start":{"line":59,"column":4},"end":{"line":62,"column":4}}},"6":{"name":"removeOrder","line":64,"loc":{"start":{"line":64,"column":4},"end":{"line":74,"column":4}}}},"statementMap":{"1":{"start":{"line":14,"column":8},"end":{"line":14,"column":112}},"2":{"start":{"line":16,"column":8},"end":{"line":16,"column":579}},"3":{"start":{"line":26,"column":8},"end":{"line":26,"column":47}},"4":{"start":{"line":28,"column":8},"end":{"line":28,"column":77}},"5":{"start":{"line":30,"column":8},"end":{"line":30,"column":37}},"6":{"start":{"line":31,"column":8},"end":{"line":31,"column":54}},"7":{"start":{"line":35,"column":8},"end":{"line":35,"column":54}},"8":{"start":{"line":37,"column":8},"end":{"line":37,"column":64}},"9":{"start":{"line":39,"column":8},"end":{"line":39,"column":84}},"10":{"start":{"line":40,"column":8},"end":{"line":40,"column":53}},"11":{"start":{"line":42,"column":8},"end":{"line":42,"column":25}},"12":{"start":{"line":46,"column":8},"end":{"line":46,"column":48}},"13":{"start":{"line":48,"column":8},"end":{"line":48,"column":77}},"14":{"start":{"line":50,"column":8},"end":{"line":50,"column":37}},"15":{"start":{"line":54,"column":8},"end":{"line":54,"column":77}},"16":{"start":{"line":56,"column":8},"end":{"line":56,"column":38}},"17":{"start":{"line":61,"column":8},"end":{"line":61,"column":49}},"18":{"start":{"line":65,"column":8},"end":{"line":65,"column":48}},"19":{"start":{"line":67,"column":8},"end":{"line":67,"column":74}},"20":{"start":{"line":69,"column":8},"end":{"line":69,"column":104}},"21":{"start":{"line":71,"column":8},"end":{"line":71,"column":77}}},"branchMap":{"1":{"line":14,"type":"if","locations":[{"start":{"line":14,"column":8},"end":{"line":14,"column":8}},{"start":{"line":14,"column":8},"end":{"line":14,"column":8}}]},"2":{"line":37,"type":"if","locations":[{"start":{"line":37,"column":8},"end":{"line":37,"column":8}},{"start":{"line":37,"column":8},"end":{"line":37,"column":8}}]},"3":{"line":69,"type":"if","locations":[{"start":{"line":69,"column":8},"end":{"line":69,"column":8}},{"start":{"line":69,"column":8},"end":{"line":69,"column":8}}]}}},
"contracts/lib/LibOrder.sol":{"l":{"55":5},"path":"/Users/poegva/blockchain/Nftx/core-contracts/contracts/lib/LibOrder.sol","s":{},"b":{},"f":{"1":5},"fnMap":{"1":{"name":"getOrderStructHash","line":44,"loc":{"start":{"line":44,"column":4},"end":{"line":74,"column":4}}}},"statementMap":{},"branchMap":{}},
"contracts/lib/LibOrdersStorage.sol":{"l":{"19":7,"23":7},"path":"/Users/poegva/blockchain/Nftx/core-contracts/contracts/lib/LibOrdersStorage.sol","s":{"1":7},"b":{},"f":{"1":7},"fnMap":{"1":{"name":"getStorage","line":18,"loc":{"start":{"line":18,"column":4},"end":{"line":26,"column":4}}}},"statementMap":{"1":{"start":{"line":19,"column":8},"end":{"line":19,"column":84}}},"branchMap":{}},
"contracts/lib/LibStorage.sol":{"l":{"26":7},"path":"/Users/poegva/blockchain/Nftx/core-contracts/contracts/lib/LibStorage.sol","s":{"1":7},"b":{},"f":{"1":7},"fnMap":{"1":{"name":"getStorageSlot","line":23,"loc":{"start":{"line":23,"column":4},"end":{"line":27,"column":4}}}},"statementMap":{"1":{"start":{"line":26,"column":8},"end":{"line":26,"column":59}}},"branchMap":{}},
"contracts/Market.sol":{"l":{"54":4,"56":3,"57":3,"59":2,"61":2,"70":9,"71":8,"73":7,"74":7,"76":5,"78":4,"79":4,"80":3,"82":2,"93":5,"102":5,"115":5,"116":5,"117":5,"121":5,"122":5,"125":5},"path":"/Users/poegva/blockchain/Nftx/core-contracts/contracts/Market.sol","s":{"1":4,"2":3,"3":3,"4":2,"5":2,"6":9,"7":8,"8":7,"9":7,"10":5,"11":4,"12":4,"13":3,"14":2,"15":5,"16":5,"17":5,"18":5,"19":5,"20":5,"21":5},"b":{"1":[3,1],"2":[2,1],"3":[8,1],"4":[7,1],"5":[5,2],"6":[4,1]},"f":{"1":4,"2":9,"3":5,"4":5},"fnMap":{"1":{"name":"cancelBid","line":53,"loc":{"start":{"line":53,"column":4},"end":{"line":62,"column":4}}},"2":{"name":"acceptBid","line":64,"loc":{"start":{"line":64,"column":4},"end":{"line":83,"column":4}}},"3":{"name":"_checkSignature","line":87,"loc":{"start":{"line":87,"column":4},"end":{"line":118,"column":4}}},"4":{"name":"_getChainId","line":120,"loc":{"start":{"line":120,"column":4},"end":{"line":126,"column":4}}}},"statementMap":{"1":{"start":{"line":54,"column":8},"end":{"line":54,"column":79}},"2":{"start":{"line":56,"column":8},"end":{"line":56,"column":52}},"3":{"start":{"line":57,"column":8},"end":{"line":57,"column":88}},"4":{"start":{"line":59,"column":8},"end":{"line":59,"column":46}},"5":{"start":{"line":61,"column":8},"end":{"line":61,"column":30}},"6":{"start":{"line":70,"column":8},"end":{"line":70,"column":65}},"7":{"start":{"line":71,"column":8},"end":{"line":71,"column":67}},"8":{"start":{"line":73,"column":8},"end":{"line":73,"column":52}},"9":{"start":{"line":74,"column":8},"end":{"line":74,"column":88}},"10":{"start":{"line":76,"column":8},"end":{"line":76,"column":36}},"11":{"start":{"line":78,"column":8},"end":{"line":78,"column":45}},"12":{"start":{"line":79,"column":8},"end":{"line":79,"column":72}},"13":{"start":{"line":80,"column":8},"end":{"line":80,"column":70}},"14":{"start":{"line":82,"column":8},"end":{"line":82,"column":41}},"15":{"start":{"line":93,"column":8},"end":{"line":93,"column":2575}},"16":{"start":{"line":102,"column":8},"end":{"line":102,"column":2827}},"17":{"start":{"line":115,"column":8},"end":{"line":115,"column":93}},"18":{"start":{"line":116,"column":8},"end":{"line":116,"column":51}},"19":{"start":{"line":117,"column":8},"end":{"line":117,"column":65}},"20":{"start":{"line":121,"column":8},"end":{"line":121,"column":23}},"21":{"start":{"line":125,"column":8},"end":{"line":125,"column":22}}},"branchMap":{"1":{"line":54,"type":"if","locations":[{"start":{"line":54,"column":8},"end":{"line":54,"column":8}},{"start":{"line":54,"column":8},"end":{"line":54,"column":8}}]},"2":{"line":57,"type":"if","locations":[{"start":{"line":57,"column":8},"end":{"line":57,"column":8}},{"start":{"line":57,"column":8},"end":{"line":57,"column":8}}]},"3":{"line":70,"type":"if","locations":[{"start":{"line":70,"column":8},"end":{"line":70,"column":8}},{"start":{"line":70,"column":8},"end":{"line":70,"column":8}}]},"4":{"line":71,"type":"if","locations":[{"start":{"line":71,"column":8},"end":{"line":71,"column":8}},{"start":{"line":71,"column":8},"end":{"line":71,"column":8}}]},"5":{"line":74,"type":"if","locations":[{"start":{"line":74,"column":8},"end":{"line":74,"column":8}},{"start":{"line":74,"column":8},"end":{"line":74,"column":8}}]},"6":{"line":117,"type":"if","locations":[{"start":{"line":117,"column":8},"end":{"line":117,"column":8}},{"start":{"line":117,"column":8},"end":{"line":117,"column":8}}]}}},
"contracts/Verifier.sol":{"l":{"20":3,"22":2,"25":2,"27":2,"31":2,"38":2,"40":2,"44":2},"path":"/Users/poegva/blockchain/Nftx/core-contracts/contracts/Verifier.sol","s":{"1":3,"2":2,"3":2,"4":2,"5":2,"6":2,"7":2},"b":{"1":[2,1],"2":[1,1]},"f":{"1":3,"2":2,"3":2},"fnMap":{"1":{"name":"verify","line":13,"loc":{"start":{"line":13,"column":4},"end":{"line":28,"column":4}}},"2":{"name":"hashVerify","line":30,"loc":{"start":{"line":30,"column":4},"end":{"line":35,"column":4}}},"3":{"name":"hashDomain","line":37,"loc":{"start":{"line":37,"column":4},"end":{"line":54,"column":4}}}},"statementMap":{"1":{"start":{"line":20,"column":8},"end":{"line":20,"column":72}},"2":{"start":{"line":22,"column":8},"end":{"line":22,"column":635}},"3":{"start":{"line":25,"column":8},"end":{"line":25,"column":53}},"4":{"start":{"line":27,"column":8},"end":{"line":27,"column":60}},"5":{"start":{"line":31,"column":8},"end":{"line":31,"column":990}},"6":{"start":{"line":38,"column":8},"end":{"line":38,"column":23}},"7":{"start":{"line":44,"column":8},"end":{"line":44,"column":1294}}},"branchMap":{"1":{"line":20,"type":"if","locations":[{"start":{"line":20,"column":8},"end":{"line":20,"column":8}},{"start":{"line":20,"column":8},"end":{"line":20,"column":8}}]},"2":{"line":27,"type":"if","locations":[{"start":{"line":27,"column":8},"end":{"line":27,"column":8}},{"start":{"line":27,"column":8},"end":{"line":27,"column":8}}]}}}}
