TN:
SF:/Users/poegva/blockchain/Nftx/core-contracts/contracts/ERC721TokenPermit.sol
FN:22,permit
FN:46,hashDomain
FNF:2
FNH:0
FNDA:0,permit
FNDA:0,hashDomain
DA:31,0
DA:33,0
DA:37,0
DA:38,0
DA:40,0
DA:42,0
DA:43,0
DA:47,0
DA:49,0
DA:53,0
LF:10
LH:0
BRDA:31,1,0,0
BRDA:31,1,1,0
BRDA:40,2,0,0
BRDA:40,2,1,0
BRF:4
BRH:0
end_of_record
TN:
SF:/Users/poegva/blockchain/Nftx/core-contracts/contracts/Exchange.sol
FN:12,createOrder
FN:34,fillOrder
FN:45,getOrder
FN:53,getOrderFromHash
FN:59,getOrderHash
FN:64,removeOrder
FNF:6
FNH:6
FNDA:3,createOrder
FNDA:2,fillOrder
FNDA:2,getOrder
FNDA:2,getOrderFromHash
FNDA:5,getOrderHash
FNDA:1,removeOrder
DA:14,3
DA:16,2
DA:26,2
DA:28,2
DA:30,2
DA:31,2
DA:35,2
DA:37,2
DA:39,1
DA:40,1
DA:42,1
DA:46,2
DA:48,2
DA:50,2
DA:54,2
DA:56,2
DA:61,5
DA:65,1
DA:67,1
DA:69,1
DA:71,1
DA:73,1
LF:22
LH:22
BRDA:14,1,0,2
BRDA:14,1,1,1
BRDA:37,2,0,1
BRDA:37,2,1,1
BRDA:69,3,0,1
BRDA:69,3,1,0
BRF:6
BRH:5
end_of_record
TN:
SF:/Users/poegva/blockchain/Nftx/core-contracts/contracts/lib/LibOrder.sol
FN:44,getOrderStructHash
FNF:1
FNH:1
FNDA:5,getOrderStructHash
DA:55,5
LF:1
LH:1
BRF:0
BRH:0
end_of_record
TN:
SF:/Users/poegva/blockchain/Nftx/core-contracts/contracts/lib/LibOrdersStorage.sol
FN:18,getStorage
FNF:1
FNH:1
FNDA:7,getStorage
DA:19,7
DA:23,7
LF:2
LH:2
BRF:0
BRH:0
end_of_record
TN:
SF:/Users/poegva/blockchain/Nftx/core-contracts/contracts/lib/LibStorage.sol
FN:23,getStorageSlot
FNF:1
FNH:1
FNDA:7,getStorageSlot
DA:26,7
LF:1
LH:1
BRF:0
BRH:0
end_of_record
TN:
SF:/Users/poegva/blockchain/Nftx/core-contracts/contracts/Market.sol
FN:53,cancelBid
FN:64,acceptBid
FN:87,_checkSignature
FN:120,_getChainId
FNF:4
FNH:4
FNDA:4,cancelBid
FNDA:9,acceptBid
FNDA:5,_checkSignature
FNDA:5,_getChainId
DA:54,4
DA:56,3
DA:57,3
DA:59,2
DA:61,2
DA:70,9
DA:71,8
DA:73,7
DA:74,7
DA:76,5
DA:78,4
DA:79,4
DA:80,3
DA:82,2
DA:93,5
DA:102,5
DA:115,5
DA:116,5
DA:117,5
DA:121,5
DA:122,5
DA:125,5
LF:22
LH:22
BRDA:54,1,0,3
BRDA:54,1,1,1
BRDA:57,2,0,2
BRDA:57,2,1,1
BRDA:70,3,0,8
BRDA:70,3,1,1
BRDA:71,4,0,7
BRDA:71,4,1,1
BRDA:74,5,0,5
BRDA:74,5,1,2
BRDA:117,6,0,4
BRDA:117,6,1,1
BRF:12
BRH:12
end_of_record
TN:
SF:/Users/poegva/blockchain/Nftx/core-contracts/contracts/Verifier.sol
FN:13,verify
FN:30,hashVerify
FN:37,hashDomain
FNF:3
FNH:3
FNDA:3,verify
FNDA:2,hashVerify
FNDA:2,hashDomain
DA:20,3
DA:22,2
DA:25,2
DA:27,2
DA:31,2
DA:38,2
DA:40,2
DA:44,2
LF:8
LH:8
BRDA:20,1,0,2
BRDA:20,1,1,1
BRDA:27,2,0,1
BRDA:27,2,1,1
BRF:4
BRH:4
end_of_record
