TN:
SF:/Users/poegva/blockchain/Nftx/core-contracts/contracts/ERC1155Permit.sol
FN:21,permit
FN:43,_hashDomain
FNF:2
FNH:2
FNDA:1,permit
FNDA:1,_hashDomain
DA:29,1
DA:31,1
DA:35,1
DA:36,1
DA:37,1
DA:39,1
DA:40,1
DA:44,1
DA:46,1
DA:50,1
LF:10
LH:10
BRDA:29,1,0,1
BRDA:29,1,1,0
BRDA:37,2,0,1
BRDA:37,2,1,0
BRF:4
BRH:2
end_of_record
TN:
SF:/Users/poegva/blockchain/Nftx/core-contracts/contracts/ERC20Permit.sol
FN:23,permit
FN:46,_hashDomain
FNF:2
FNH:2
FNDA:2,permit
FNDA:2,_hashDomain
DA:32,2
DA:34,2
DA:38,2
DA:39,2
DA:40,2
DA:42,2
DA:43,2
DA:47,2
DA:49,2
DA:53,2
LF:10
LH:10
BRDA:32,1,0,2
BRDA:32,1,1,0
BRDA:40,2,0,2
BRDA:40,2,1,0
BRF:4
BRH:2
end_of_record
TN:
SF:/Users/poegva/blockchain/Nftx/core-contracts/contracts/ERC721Permit.sol
FN:26,permit
FN:55,permitAll
FN:77,_hashDomain
FNF:3
FNH:3
FNDA:1,permit
FNDA:1,permitAll
FNDA:2,_hashDomain
DA:35,1
DA:37,1
DA:41,1
DA:42,1
DA:43,1
DA:45,1
DA:46,1
DA:51,1
DA:52,1
DA:63,1
DA:65,1
DA:69,1
DA:70,1
DA:71,1
DA:73,1
DA:74,1
DA:78,2
DA:80,2
DA:84,2
LF:19
LH:19
BRDA:35,1,0,1
BRDA:35,1,1,0
BRDA:43,2,0,1
BRDA:43,2,1,0
BRDA:46,3,0,1
BRDA:46,3,1,0
BRDA:63,4,0,1
BRDA:63,4,1,0
BRDA:71,5,0,1
BRDA:71,5,1,0
BRF:10
BRH:5
end_of_record
TN:
SF:/Users/poegva/blockchain/Nftx/core-contracts/contracts/Exchange.sol
FN:12,createOrder
FN:34,fillOrder
FN:45,getOrder
FN:53,getOrderFromHash
FN:59,getOrderHash
FN:64,removeOrder
FNF:6
FNH:6
FNDA:3,createOrder
FNDA:2,fillOrder
FNDA:2,getOrder
FNDA:2,getOrderFromHash
FNDA:5,getOrderHash
FNDA:1,removeOrder
DA:14,3
DA:16,2
DA:26,2
DA:28,2
DA:30,2
DA:31,2
DA:35,2
DA:37,2
DA:39,1
DA:40,1
DA:42,1
DA:46,2
DA:48,2
DA:50,2
DA:54,2
DA:56,2
DA:61,5
DA:65,1
DA:67,1
DA:69,1
DA:71,1
DA:73,1
LF:22
LH:22
BRDA:14,1,0,2
BRDA:14,1,1,1
BRDA:37,2,0,1
BRDA:37,2,1,1
BRDA:69,3,0,1
BRDA:69,3,1,0
BRF:6
BRH:5
end_of_record
TN:
SF:/Users/poegva/blockchain/Nftx/core-contracts/contracts/lib/LibOrder.sol
FN:44,getOrderStructHash
FNF:1
FNH:1
FNDA:5,getOrderStructHash
DA:55,5
LF:1
LH:1
BRF:0
BRH:0
end_of_record
TN:
SF:/Users/poegva/blockchain/Nftx/core-contracts/contracts/lib/LibOrdersStorage.sol
FN:18,getStorage
FNF:1
FNH:1
FNDA:7,getStorage
DA:19,7
DA:23,7
LF:2
LH:2
BRF:0
BRH:0
end_of_record
TN:
SF:/Users/poegva/blockchain/Nftx/core-contracts/contracts/lib/LibStorage.sol
FN:23,getStorageSlot
FNF:1
FNH:1
FNDA:7,getStorageSlot
DA:26,7
LF:1
LH:1
BRF:0
BRH:0
end_of_record
TN:
SF:/Users/poegva/blockchain/Nftx/core-contracts/contracts/Market.sol
FN:120,cancelBidERC721
FN:135,cancelBidERC1155
FN:150,acceptBidERC721
FN:208,acceptBidERC1155
FN:257,_checkSignatureERC721
FN:267,_hashBidERC721
FN:288,_checkSignatureERC1155
FN:298,_hashBidERC1155
FN:315,_hashDomain
FNF:9
FNH:9
FNDA:4,cancelBidERC721
FNDA:4,cancelBidERC1155
FNDA:13,acceptBidERC721
FNDA:12,acceptBidERC1155
FNDA:11,_checkSignatureERC721
FNDA:14,_hashBidERC721
FNDA:10,_checkSignatureERC1155
FNDA:13,_hashBidERC1155
FNDA:27,_hashDomain
DA:121,4
DA:123,3
DA:124,3
DA:126,2
DA:128,2
DA:136,4
DA:138,3
DA:139,3
DA:141,2
DA:143,2
DA:156,13
DA:157,12
DA:159,11
DA:160,9
DA:162,7
DA:164,7
DA:165,1
DA:175,7
DA:177,6
DA:178,2
DA:179,1
DA:188,1
DA:199,6
DA:201,5
DA:214,12
DA:215,11
DA:217,10
DA:218,8
DA:220,6
DA:222,6
DA:223,1
DA:233,6
DA:235,5
DA:236,1
DA:245,5
DA:247,4
DA:262,11
DA:263,11
DA:264,10
DA:268,14
DA:280,14
DA:293,10
DA:294,10
DA:295,9
DA:299,13
DA:312,13
DA:316,27
DA:318,27
DA:322,27
LF:49
LH:49
BRDA:121,1,0,3
BRDA:121,1,1,1
BRDA:124,2,0,2
BRDA:124,2,1,1
BRDA:136,3,0,3
BRDA:136,3,1,1
BRDA:139,4,0,2
BRDA:139,4,1,1
BRDA:156,5,0,12
BRDA:156,5,1,1
BRDA:157,6,0,11
BRDA:157,6,1,1
BRDA:160,7,0,7
BRDA:160,7,1,2
BRDA:164,8,0,1
BRDA:164,8,1,6
BRDA:177,9,0,2
BRDA:177,9,1,4
BRDA:178,10,0,1
BRDA:178,10,1,1
BRDA:214,11,0,11
BRDA:214,11,1,1
BRDA:215,12,0,10
BRDA:215,12,1,1
BRDA:218,13,0,6
BRDA:218,13,1,2
BRDA:222,14,0,1
BRDA:222,14,1,5
BRDA:235,15,0,1
BRDA:235,15,1,4
BRDA:264,16,0,9
BRDA:264,16,1,1
BRDA:295,17,0,8
BRDA:295,17,1,1
BRF:34
BRH:34
end_of_record
TN:
SF:/Users/poegva/blockchain/Nftx/core-contracts/contracts/Verifier.sol
FN:13,verify
FN:30,hashVerify
FN:37,hashDomain
FNF:3
FNH:3
FNDA:3,verify
FNDA:2,hashVerify
FNDA:2,hashDomain
DA:20,3
DA:22,2
DA:25,2
DA:27,2
DA:31,2
DA:38,2
DA:40,2
DA:44,2
LF:8
LH:8
BRDA:20,1,0,2
BRDA:20,1,1,1
BRDA:27,2,0,1
BRDA:27,2,1,1
BRF:4
BRH:4
end_of_record
